c:\src\projects\ucs\os\win32-msvc\x64\debug\vc143.pdb
c:\src\projects\ucs\os\win32-msvc\x64\debug\messagebufferamp.obj
c:\src\projects\ucs\os\win32-msvc\x64\debug\intsemtest.obj
c:\src\projects\ucs\os\win32-msvc\x64\debug\integer.obj
c:\src\projects\ucs\os\win32-msvc\x64\debug\genqtest.obj
c:\src\projects\ucs\os\win32-msvc\x64\debug\flop.obj
c:\src\projects\ucs\os\win32-msvc\x64\debug\eventgroupsdemo.obj
c:\src\projects\ucs\os\win32-msvc\x64\debug\dynamic.obj
c:\src\projects\ucs\os\win32-msvc\x64\debug\death.obj
c:\src\projects\ucs\os\win32-msvc\x64\debug\countsem.obj
c:\src\projects\ucs\os\win32-msvc\x64\debug\blocktim.obj
c:\src\projects\ucs\os\win32-msvc\x64\debug\blockq.obj
c:\src\projects\ucs\os\win32-msvc\x64\debug\abortdelay.obj
c:\src\projects\ucs\os\win32-msvc\x64\debug\timers.obj
c:\src\projects\ucs\os\win32-msvc\x64\debug\stream_buffer.obj
c:\src\projects\ucs\os\win32-msvc\x64\debug\heap_5.obj
c:\src\projects\ucs\os\win32-msvc\x64\debug\event_groups.obj
c:\src\projects\ucs\os\win32-msvc\x64\debug\croutine.obj
c:\src\projects\ucs\os\win32-msvc\x64\debug\trcsnapshotrecorder.obj
c:\src\projects\ucs\os\win32-msvc\x64\debug\trckernelport.obj
c:\src\projects\ucs\os\win32-msvc\x64\debug\main.obj
c:\src\projects\ucs\os\win32-msvc\x64\debug\main_blinky.obj
c:\src\projects\ucs\os\win32-msvc\x64\debug\tasks.obj
c:\src\projects\ucs\os\win32-msvc\x64\debug\queue.obj
c:\src\projects\ucs\os\win32-msvc\x64\debug\port.obj
c:\src\projects\ucs\os\win32-msvc\x64\debug\list.obj
c:\src\projects\ucs\os\win32-msvc\x64\debug\timerdemo.obj
c:\src\projects\ucs\os\win32-msvc\x64\debug\tasknotifyarray.obj
c:\src\projects\ucs\os\win32-msvc\x64\debug\tasknotify.obj
c:\src\projects\ucs\os\win32-msvc\x64\debug\streambufferinterrupt.obj
c:\src\projects\ucs\os\win32-msvc\x64\debug\streambufferdemo.obj
c:\src\projects\ucs\os\win32-msvc\x64\debug\messagebufferdemo.obj
c:\src\projects\ucs\os\win32-msvc\x64\debug\staticallocation.obj
c:\src\projects\ucs\os\win32-msvc\x64\debug\semtest.obj
c:\src\projects\ucs\os\win32-msvc\x64\debug\recmutex.obj
c:\src\projects\ucs\os\win32-msvc\x64\debug\queuesetpolling.obj
c:\src\projects\ucs\os\win32-msvc\x64\debug\queueset.obj
c:\src\projects\ucs\os\win32-msvc\x64\debug\queueoverwrite.obj
c:\src\projects\ucs\os\win32-msvc\x64\debug\qpeek.obj
c:\src\projects\ucs\os\win32-msvc\x64\debug\pollq.obj
c:\src\projects\ucs\os\win32-msvc\x64\debug\run-time-stats-utils.obj
c:\src\projects\ucs\os\win32-msvc\x64\debug\main_full.obj
c:\src\projects\ucs\os\win32-msvc\x64\debug\main_integer.obj
c:\src\projects\ucs\os\win32-msvc\x64\debug\rtosdemo.ilk
c:\src\projects\ucs\os\win32-msvc\x64\debug\rtosdemo.pdb
c:\src\projects\ucs\os\win32-msvc\x64\debug\rtosdemo.tlog\cl.command.1.tlog
c:\src\projects\ucs\os\win32-msvc\x64\debug\rtosdemo.tlog\cl.items.tlog
c:\src\projects\ucs\os\win32-msvc\x64\debug\rtosdemo.tlog\cl.read.1.tlog
c:\src\projects\ucs\os\win32-msvc\x64\debug\rtosdemo.tlog\cl.write.1.tlog
c:\src\projects\ucs\os\win32-msvc\x64\debug\rtosdemo.tlog\link.64108-cvtres.read.1.tlog
c:\src\projects\ucs\os\win32-msvc\x64\debug\rtosdemo.tlog\link.64108-cvtres.write.1.tlog
c:\src\projects\ucs\os\win32-msvc\x64\debug\rtosdemo.tlog\link.64108-rc.read.1.tlog
c:\src\projects\ucs\os\win32-msvc\x64\debug\rtosdemo.tlog\link.64108-rc.write.1.tlog
c:\src\projects\ucs\os\win32-msvc\x64\debug\rtosdemo.tlog\link.64108.read.1.tlog
c:\src\projects\ucs\os\win32-msvc\x64\debug\rtosdemo.tlog\link.64108.read.2.tlog
c:\src\projects\ucs\os\win32-msvc\x64\debug\rtosdemo.tlog\link.64108.read.3.tlog
c:\src\projects\ucs\os\win32-msvc\x64\debug\rtosdemo.tlog\link.64108.read.4.tlog
c:\src\projects\ucs\os\win32-msvc\x64\debug\rtosdemo.tlog\link.64108.write.1.tlog
c:\src\projects\ucs\os\win32-msvc\x64\debug\rtosdemo.tlog\link.command.1.tlog
c:\src\projects\ucs\os\win32-msvc\x64\debug\rtosdemo.tlog\link.read.1.tlog
c:\src\projects\ucs\os\win32-msvc\x64\debug\rtosdemo.tlog\link.secondary.1.tlog
c:\src\projects\ucs\os\win32-msvc\x64\debug\rtosdemo.tlog\link.write.1.tlog
